INFO-FLOW: Workspace D:/HLS_prj/03_project/04_axi_array/hls/axi_array/solution1 opened at Thu Feb 20 18:35:20 +0800 2020
Execute     config_clock -quiet -name default -period 10 -default=false 
INFO: [SYN 201-201] Setting up clock 'default' with a period of 10ns.
Execute     open_platform DefaultPlatform 
Execute     import_lib C:/Xilinx/Vivado/2019.1/common/technology/xilinx/zynq/zynq 
Execute       source C:/Xilinx/Vivado/2019.1/common/technology/xilinx/common/xilinx.lib 
Execute         source C:/Xilinx/Vivado/2019.1/common/technology/xilinx/interface/xilinx_interface.lib 
Execute           source C:/Xilinx/Vivado/2019.1/common/technology/xilinx/interface/plb46.lib 
Execute           source C:/Xilinx/Vivado/2019.1/common/technology/xilinx/interface/fsl.lib 
Execute           source C:/Xilinx/Vivado/2019.1/common/technology/xilinx/interface/axi4.lib 
Execute           source C:/Xilinx/Vivado/2019.1/common/technology/xilinx/interface/maxi.lib 
Execute           source C:/Xilinx/Vivado/2019.1/common/technology/xilinx/interface/saxilite.lib 
Execute         source C:/Xilinx/Vivado/2019.1/common/technology/xilinx/common/dsp48.lib 
Execute         source C:/Xilinx/Vivado/2019.1/common/technology/xilinx/ip/dds_compiler.lib 
Execute         source C:/Xilinx/Vivado/2019.1/common/technology/xilinx/ip/xfft.lib 
Execute         source C:/Xilinx/Vivado/2019.1/common/technology/xilinx/ip/xfir.lib 
Execute       source C:/Xilinx/Vivado/2019.1/common/technology/xilinx/common/xilinx.hlp 
Execute         source C:/Xilinx/Vivado/2019.1/common/technology/xilinx/common/target_info.tcl 
Execute         source C:/Xilinx/Vivado/2019.1/common/technology/xilinx/interface/xilinx_interface.hlp 
Execute           source C:/Xilinx/Vivado/2019.1/common/technology/xilinx/interface/maxi.hlp 
Execute           source C:/Xilinx/Vivado/2019.1/common/technology/xilinx/interface/saxilite.hlp 
Execute         source C:/Xilinx/Vivado/2019.1/common/technology/xilinx/common/dsp48.hlp 
Execute       source C:/Xilinx/Vivado/2019.1/common/technology/xilinx/zynq/dsp48e1.hlp 
Execute       source C:/Xilinx/Vivado/2019.1/common/technology/xilinx/common/xilinx.hlp 
Execute         source C:/Xilinx/Vivado/2019.1/common/technology/xilinx/common/target_info.tcl 
Execute         source C:/Xilinx/Vivado/2019.1/common/technology/xilinx/interface/xilinx_interface.hlp 
Execute           source C:/Xilinx/Vivado/2019.1/common/technology/xilinx/interface/maxi.hlp 
Execute           source C:/Xilinx/Vivado/2019.1/common/technology/xilinx/interface/saxilite.hlp 
Execute         source C:/Xilinx/Vivado/2019.1/common/technology/xilinx/common/dsp48.hlp 
Execute     source C:/Xilinx/Vivado/2019.1/common/technology/xilinx/zynq/zynq.gen 
Execute       source C:/Xilinx/Vivado/2019.1/common/technology/xilinx/common/xilinx.gen 
Execute         source C:/Xilinx/Vivado/2019.1/common/technology/xilinx/interface/plb46.gen 
Execute         source C:/Xilinx/Vivado/2019.1/common/technology/xilinx/interface/fsl.gen 
Execute         source C:/Xilinx/Vivado/2019.1/common/technology/xilinx/interface/axi4.gen 
Execute         source C:/Xilinx/Vivado/2019.1/common/technology/xilinx/interface/nativeAXI4.gen 
Execute           source C:/Xilinx/Vivado/2019.1/common/technology/xilinx/interface/saxilite.gen 
Execute           source C:/Xilinx/Vivado/2019.1/common/technology/xilinx/interface/maxi.gen 
Execute         source C:/Xilinx/Vivado/2019.1/common/technology/xilinx/scripts/xilinxcoregen.gen 
Execute         source C:/Xilinx/Vivado/2019.1/common/technology/xilinx/interface/XilEDKCoreGen.gen 
Execute         source C:/Xilinx/Vivado/2019.1/common/technology/xilinx/ip/dds_compiler.gen 
Execute         source C:/Xilinx/Vivado/2019.1/common/technology/xilinx/ip/util.gen 
Execute         source C:/Xilinx/Vivado/2019.1/common/technology/xilinx/ip/xfft.gen 
Execute         source C:/Xilinx/Vivado/2019.1/common/technology/xilinx/ip/xfir.gen 
Execute         source C:/Xilinx/Vivado/2019.1/common/technology/xilinx/common/dsp48.gen 
Command       ap_source done; 0.125 sec.
Command     ap_source done; 0.126 sec.
Execute     open_platform DefaultPlatform 
Execute     import_lib C:/Xilinx/Vivado/2019.1/common/technology/xilinx/zynq/zynq_fpv6 
Execute       source C:/Xilinx/Vivado/2019.1/common/technology/xilinx/common/xilinx_fp.lib 
Execute       source C:/Xilinx/Vivado/2019.1/common/technology/xilinx/common/xilinx_fp.hlp 
Execute         source C:/Xilinx/Vivado/2019.1/common/technology/xilinx/common/xilinx.hlp 
Execute           source C:/Xilinx/Vivado/2019.1/common/technology/xilinx/common/target_info.tcl 
Execute           source C:/Xilinx/Vivado/2019.1/common/technology/xilinx/interface/xilinx_interface.hlp 
Execute             source C:/Xilinx/Vivado/2019.1/common/technology/xilinx/interface/maxi.hlp 
Execute             source C:/Xilinx/Vivado/2019.1/common/technology/xilinx/interface/saxilite.hlp 
Execute           source C:/Xilinx/Vivado/2019.1/common/technology/xilinx/common/dsp48.hlp 
Execute     source C:/Xilinx/Vivado/2019.1/common/technology/xilinx/zynq/zynq_fpv6.gen 
Execute       source C:/Xilinx/Vivado/2019.1/common/technology/xilinx/common/xilinx_fp.gen 
Execute     set_part xc7z020-clg400-2 
Execute       ap_part_info -name xc7z020-clg400-2 -data single -quiet 
Command       ap_part_info done; 0.853 sec.
Execute       ap_part_info -name xc7z020-clg400-2 -data info 
Execute       add_library xilinx/zynq/zynq:xc7z020:-clg400:-2 
Execute         get_default_platform 
Execute         license_isbetapart xc7z020 
Command         license_isbetapart done; error code: 1; 
Execute         ap_part_info -data single -name xc7z020-clg400-2 
Execute         ap_part_info -name xc7z020-clg400-2 -data resources 
Execute         ap_part_info -name xc7z020-clg400-2 -data info 
Execute         ap_part_info -name xc7z020-clg400-2 -data info 
Execute         config_chip_info -quiet -resource {SLICE 13300} {LUT 53200} {FF 106400} {DSP48E 220} {BRAM 280} {URAM 0} 
Execute         ap_part_info -name xc7z020-clg400-2 -data info 
Execute         config_chip_info -quiet -speed medium 
Execute       add_library xilinx/zynq/zynq_fpv6 
Execute         get_default_platform 
Execute         open_platform DefaultPlatform 
Execute         import_lib C:/Xilinx/Vivado/2019.1/common/technology/xilinx/zynq/zynq_fpv6 
Execute           source C:/Xilinx/Vivado/2019.1/common/technology/xilinx/common/xilinx_fp.lib 
Execute           source C:/Xilinx/Vivado/2019.1/common/technology/xilinx/common/xilinx_fp.hlp 
Execute             source C:/Xilinx/Vivado/2019.1/common/technology/xilinx/common/xilinx.hlp 
Execute               source C:/Xilinx/Vivado/2019.1/common/technology/xilinx/common/target_info.tcl 
Execute               source C:/Xilinx/Vivado/2019.1/common/technology/xilinx/interface/xilinx_interface.hlp 
Execute                 source C:/Xilinx/Vivado/2019.1/common/technology/xilinx/interface/maxi.hlp 
Execute                 source C:/Xilinx/Vivado/2019.1/common/technology/xilinx/interface/saxilite.hlp 
Execute               source C:/Xilinx/Vivado/2019.1/common/technology/xilinx/common/dsp48.hlp 
Execute         source C:/Xilinx/Vivado/2019.1/common/technology/xilinx/zynq/zynq_fpv6.gen 
Execute           source C:/Xilinx/Vivado/2019.1/common/technology/xilinx/common/xilinx_fp.gen 
INFO: [HLS 200-10] Setting target device to 'xc7z020-clg400-2'
Execute       ap_part_info -name xc7z020-clg400-2 -data info 
Execute       get_default_platform 
Command     set_part done; 0.983 sec.
Execute     ap_part_info -data single -name xc7z020-clg400-2 
Execute     ap_part_info -name xc7z020-clg400-2 -data resources 
Execute     ap_part_info -name xc7z020-clg400-2 -data info 
Execute     ap_part_info -name xc7z020-clg400-2 -data info 
Execute     config_chip_info -quiet -resource {SLICE 13300} {LUT 53200} {FF 106400} {DSP48E 220} {BRAM 280} {URAM 0} 
Execute     ap_part_info -name xc7z020-clg400-2 -data info 
Execute     config_chip_info -quiet -speed medium 
Command   open_solution done; 1.191 sec.
Execute   set_part xc7z020clg400-2 -tool vivado 
Execute     ap_part_info -name xc7z020clg400-2 -data single -quiet 
Execute     ap_part_info -name xc7z020clg400-2 -data info 
Execute     add_library xilinx/zynq/zynq:xc7z020:-clg400:-2 
Execute       get_default_platform 
Execute       license_isbetapart xc7z020 
Command       license_isbetapart done; error code: 1; 
Execute       ap_part_info -data single -name xc7z020-clg400-2 
Execute       ap_part_info -name xc7z020-clg400-2 -data resources 
Execute       ap_part_info -name xc7z020-clg400-2 -data info 
Execute       ap_part_info -name xc7z020-clg400-2 -data info 
Execute       config_chip_info -quiet -resource {SLICE 13300} {LUT 53200} {FF 106400} {DSP48E 220} {BRAM 280} {URAM 0} 
Execute       ap_part_info -name xc7z020-clg400-2 -data info 
Execute       config_chip_info -quiet -speed medium 
Execute     add_library xilinx/zynq/zynq_fpv6 
Execute       get_default_platform 
Execute       open_platform DefaultPlatform 
Execute       import_lib C:/Xilinx/Vivado/2019.1/common/technology/xilinx/zynq/zynq_fpv6 
Execute         source C:/Xilinx/Vivado/2019.1/common/technology/xilinx/common/xilinx_fp.lib 
Execute         source C:/Xilinx/Vivado/2019.1/common/technology/xilinx/common/xilinx_fp.hlp 
Execute           source C:/Xilinx/Vivado/2019.1/common/technology/xilinx/common/xilinx.hlp 
Execute             source C:/Xilinx/Vivado/2019.1/common/technology/xilinx/common/target_info.tcl 
Execute             source C:/Xilinx/Vivado/2019.1/common/technology/xilinx/interface/xilinx_interface.hlp 
Execute               source C:/Xilinx/Vivado/2019.1/common/technology/xilinx/interface/maxi.hlp 
Execute               source C:/Xilinx/Vivado/2019.1/common/technology/xilinx/interface/saxilite.hlp 
Execute             source C:/Xilinx/Vivado/2019.1/common/technology/xilinx/common/dsp48.hlp 
Execute       source C:/Xilinx/Vivado/2019.1/common/technology/xilinx/zynq/zynq_fpv6.gen 
Execute         source C:/Xilinx/Vivado/2019.1/common/technology/xilinx/common/xilinx_fp.gen 
Execute     ap_part_info -name xc7z020-clg400-2 -data info 
Execute     get_default_platform 
Command   set_part done; 0.117 sec.
Execute   create_clock -period 10 -name default 
Execute     config_clock -quiet -name default -period 10 -default=false 
INFO: [SYN 201-201] Setting up clock 'default' with a period of 10ns.
Execute   csynth_design 
Execute     get_config_compile -dump_cfg 
Execute     get_config_compile -effort 
Execute     get_config_compile -enable_clang39 
Execute     get_config_compile -g 
Execute     get_config_compile -ng 
Execute     get_config_compile -opt_fp 
Execute     get_config_compile -skip_cdt 
Execute     get_config_compile -skip_syncheck 
Execute     get_config_compile -skip_transform 
Execute     get_config_compile -keep_printf 
Execute     elaborate -effort=medium -skip_syncheck=0 -keep_printf=0 -skip_cdt=0 -skip_transform=0 -ng=0 -g=0 -opt_fp=0 -from_csynth_design=1 
Execute       get_config_schedule -relax_ii_for_timing 
INFO: [SCHED 204-61] Option 'relax_ii_for_timing' is enabled, will increase II to preserve clock frequency constraints.
Execute       get_config_schedule -suppress_dependence_error_break 
INFO: [HLS 200-10] Analyzing design file 'axi_interfaces.c' ... 
INFO-FLOW: Compiling one TU...
Execute       is_m_axi_addr64 
INFO-FLOW: Handling axi_interfaces.c as C
Execute       ap_part_info -name xc7z020-clg400-2 -data info 
Execute       is_encrypted axi_interfaces.c 
INFO-FLOW: Running: GCC PP
INFO-FLOW: Source preprocessing
Execute       clang  -fno-limit-debug-info -gcc-toolchain "C:/Xilinx/Vivado/2019.1/msys" -hls  -fno-exceptions  -D__llvm__  -E "axi_interfaces.c"     -fno-math-errno -c -emit-llvm -O0  -mllvm -disable-llvm-optzns -std=gnu89   -DAESL_SYN -D__SYNTHESIS__ -D__HLS_SYN__ -I "C:/Xilinx/Vivado/2019.1/common/technology/autopilot" -I "C:/Xilinx/Vivado/2019.1/common/technology/autopilot/ap_sysc" -include etc/autopilot_ssdm_op.h -D__DSP48E1__ -D__cdecl=  -o "D:/HLS_prj/03_project/04_axi_array/hls/axi_array/solution1/.autopilot/db/axi_interfaces.pp.0.c" 
INFO-FLOW: exec C:/Xilinx/Vivado/2019.1/win64/tools/clang/bin/clang -fno-limit-debug-info -gcc-toolchain C:/Xilinx/Vivado/2019.1/msys -hls -fno-exceptions -D__llvm__ -E axi_interfaces.c -fno-math-errno -c -emit-llvm -O0 -mllvm -disable-llvm-optzns -std=gnu89 -DAESL_SYN -D__SYNTHESIS__ -D__HLS_SYN__ -I C:/Xilinx/Vivado/2019.1/common/technology/autopilot -I C:/Xilinx/Vivado/2019.1/common/technology/autopilot/ap_sysc -include etc/autopilot_ssdm_op.h -D__DSP48E1__ -D__cdecl= -o D:/HLS_prj/03_project/04_axi_array/hls/axi_array/solution1/.autopilot/db/axi_interfaces.pp.0.c
Command       clang done; 1.149 sec.
Execute       tidy_31 xilinx-xfmat-array-geometry D:/HLS_prj/03_project/04_axi_array/hls/axi_array/solution1/.autopilot/db/axi_interfaces.pp.0.c std=gnu89 
INFO-FLOW: exec C:/Xilinx/Vivado/2019.1/win64/tools/clang-3.9-csynth/bin/tidy-3.1 -header-filter=.* -checks=-*,xilinx-xfmat-array-geometry -quiet -fix D:/HLS_prj/03_project/04_axi_array/hls/axi_array/solution1/.autopilot/db/axi_interfaces.pp.0.c -- -std=gnu89 -fhls -ferror-limit=0
INFO-FLOW: Syntax Checking before pre-processing...
Execute       clang -syntaxcheck -src D:/HLS_prj/03_project/04_axi_array/hls/axi_array/solution1/.autopilot/db/axi_interfaces.pp.0.c  -fno-limit-debug-info -gcc-toolchain "C:/Xilinx/Vivado/2019.1/msys" -hls    -fno-math-errno -c -emit-llvm -O0  -mllvm -disable-llvm-optzns -std=gnu89   -DAESL_SYN -D__SYNTHESIS__ -D__HLS_SYN__ -I "C:/Xilinx/Vivado/2019.1/common/technology/autopilot" -I "C:/Xilinx/Vivado/2019.1/common/technology/autopilot/ap_sysc" -include etc/autopilot_ssdm_op.h -D__DSP48E1__ -D__cdecl=  "D:/HLS_prj/03_project/04_axi_array/hls/axi_array/solution1/.autopilot/db/axi_interfaces.pp.0.c"  -o "D:/HLS_prj/03_project/04_axi_array/hls/axi_array/solution1/.autopilot/db/useless.bc"  
INFO-FLOW: exec C:/Xilinx/Vivado/2019.1/win64/tools/clang/bin/clang -fno-limit-debug-info -gcc-toolchain C:/Xilinx/Vivado/2019.1/msys -hls -fno-math-errno -c -emit-llvm -O0 -mllvm -disable-llvm-optzns -std=gnu89 -DAESL_SYN -D__SYNTHESIS__ -D__HLS_SYN__ -I C:/Xilinx/Vivado/2019.1/common/technology/autopilot -I C:/Xilinx/Vivado/2019.1/common/technology/autopilot/ap_sysc -include etc/autopilot_ssdm_op.h -D__DSP48E1__ -D__cdecl= D:/HLS_prj/03_project/04_axi_array/hls/axi_array/solution1/.autopilot/db/axi_interfaces.pp.0.c -o D:/HLS_prj/03_project/04_axi_array/hls/axi_array/solution1/.autopilot/db/useless.bc
Command       clang done; 1.167 sec.
INFO-FLOW: Done: GCC PP time: 2.4 seconds per iteration
Execute       source C:/Xilinx/Vivado/2019.1/tps/tcl/tcllib1.11.1/yaml/huddle.tcl 
Execute       source C:/Xilinx/Vivado/2019.1/tps/tcl/tcllib1.11.1/yaml/json2huddle.tcl 
Execute         source C:/Xilinx/Vivado/2019.1/tps/tcl/tcllib1.11.1/try/try.tcl 
Execute       list_core -type functional_unit 
Execute       tidy_31 xilinx-systemc-detector D:/HLS_prj/03_project/04_axi_array/hls/axi_array/solution1/.autopilot/db/axi_interfaces.pp.0.c std=gnu89 -directive=D:/HLS_prj/03_project/04_axi_array/hls/axi_array/solution1/.autopilot/db/.systemc_flag 
INFO-FLOW: exec C:/Xilinx/Vivado/2019.1/win64/tools/clang-3.9-csynth/bin/tidy-3.1 -header-filter=.* -checks=-*,xilinx-systemc-detector -import-directive=D:/HLS_prj/03_project/04_axi_array/hls/axi_array/solution1/.autopilot/db/.systemc_flag -quiet -fix-errors D:/HLS_prj/03_project/04_axi_array/hls/axi_array/solution1/.autopilot/db/axi_interfaces.pp.0.c -- -std=gnu89 -fhls -ferror-limit=0
INFO-FLOW: Running: tidy-3.1 CDT preprocess
Execute       tidy_31 xilinx-directive2pragma D:/HLS_prj/03_project/04_axi_array/hls/axi_array/solution1/.autopilot/db/axi_interfaces.pp.0.c std=gnu89 -directive=D:/HLS_prj/03_project/04_axi_array/hls/axi_array/solution1/.autopilot/db/all.directive.json 
INFO-FLOW: exec C:/Xilinx/Vivado/2019.1/win64/tools/clang-3.9-csynth/bin/tidy-3.1 -header-filter=.* -checks=-*,xilinx-directive2pragma -import-directive=D:/HLS_prj/03_project/04_axi_array/hls/axi_array/solution1/.autopilot/db/all.directive.json -quiet -fix-errors D:/HLS_prj/03_project/04_axi_array/hls/axi_array/solution1/.autopilot/db/axi_interfaces.pp.0.c -- -std=gnu89 -fhls -ferror-limit=0
Execute       get_config_dataflow -strict_mode 
Execute       ap_eval exec -ignorestderr C:/Xilinx/Vivado/2019.1/win64/tools/clang-3.9-csynth/bin/xilinx-dataflow-lawyer -export-fixes=D:/HLS_prj/03_project/04_axi_array/hls/axi_array/solution1/.autopilot/db/xilinx-dataflow-lawyer.axi_interfaces.pp.0.c.diag.yml D:/HLS_prj/03_project/04_axi_array/hls/axi_array/solution1/.autopilot/db/axi_interfaces.pp.0.c -- -std=gnu99 -fhls -ferror-limit=0 -fstrict-dataflow > D:/HLS_prj/03_project/04_axi_array/hls/axi_array/solution1/.autopilot/db/xilinx-dataflow-lawyer.axi_interfaces.pp.0.c.out.log 2> D:/HLS_prj/03_project/04_axi_array/hls/axi_array/solution1/.autopilot/db/xilinx-dataflow-lawyer.axi_interfaces.pp.0.c.err.log 
Execute       tidy_31 -errorcheck xilinx-constantarray-param,xilinx-resource-pragma-transformer,xilinx-xfmat-array-geometry D:/HLS_prj/03_project/04_axi_array/hls/axi_array/solution1/.autopilot/db/axi_interfaces.pp.0.c std=gnu89 
Execute         ap_eval exec -ignorestderr C:/Xilinx/Vivado/2019.1/win64/tools/clang-3.9-csynth/bin/tidy-3.1 -export-fixes=D:/HLS_prj/03_project/04_axi_array/hls/axi_array/solution1/.autopilot/db/tidy-3.1.axi_interfaces.pp.0.c.diag.yml -header-filter=.* -checks=-*,xilinx-constantarray-param,xilinx-resource-pragma-transformer,xilinx-xfmat-array-geometry -quiet -fix-errors D:/HLS_prj/03_project/04_axi_array/hls/axi_array/solution1/.autopilot/db/axi_interfaces.pp.0.c -- -std=gnu89 -fhls -ferror-limit=0 > D:/HLS_prj/03_project/04_axi_array/hls/axi_array/solution1/.autopilot/db/tidy-3.1.axi_interfaces.pp.0.c.out.log 2> D:/HLS_prj/03_project/04_axi_array/hls/axi_array/solution1/.autopilot/db/tidy-3.1.axi_interfaces.pp.0.c.err.log 
Execute         source C:/Xilinx/Vivado/2019.1/tps/tcl/tcllib1.11.1/yaml/yaml.tcl 
Execute           source C:/Xilinx/Vivado/2019.1/tps/tcl/tcllib1.11.1/cmdline/cmdline.tcl 
Execute         ap_eval exec -ignorestderr C:/Xilinx/Vivado/2019.1/win64/tools/clang-3.9-csynth/bin/xilinx-legacy-rewriter D:/HLS_prj/03_project/04_axi_array/hls/axi_array/solution1/.autopilot/db/axi_interfaces.pp.0.c -- -std=gnu89 -fhls -ferror-limit=0 > D:/HLS_prj/03_project/04_axi_array/hls/axi_array/solution1/.autopilot/db/xilinx-legacy-rewriter.axi_interfaces.pp.0.c.out.log 2> D:/HLS_prj/03_project/04_axi_array/hls/axi_array/solution1/.autopilot/db/xilinx-legacy-rewriter.axi_interfaces.pp.0.c.err.log 
Command       tidy_31 done; 0.186 sec.
INFO-FLOW: Done: tidy-3.1 CDT preprocess time: 0.3 seconds per iteration
INFO-FLOW: Pragma Handling...
Execute       tidy_31 xilinx-ssdm-intrinsics-arguments D:/HLS_prj/03_project/04_axi_array/hls/axi_array/solution1/.autopilot/db/axi_interfaces.pragma.1.c std=gnu89 
INFO-FLOW: exec C:/Xilinx/Vivado/2019.1/win64/tools/clang-3.9-csynth/bin/tidy-3.1 -header-filter=.* -checks=-*,xilinx-ssdm-intrinsics-arguments -quiet -fix-errors D:/HLS_prj/03_project/04_axi_array/hls/axi_array/solution1/.autopilot/db/axi_interfaces.pragma.1.c -- -std=gnu89 -fhls -ferror-limit=0
Execute       ap_part_info -name xc7z020-clg400-2 -data info 
INFO-FLOW: Processing labels
Execute       clang -src D:/HLS_prj/03_project/04_axi_array/hls/axi_array/solution1/.autopilot/db/axi_interfaces.pragma.2.c  -fno-limit-debug-info -gcc-toolchain C:/Xilinx/Vivado/2019.1/msys -hls -hls-analyze-label -hls-analyze-pragma -fno-exceptions  -D__llvm__  -w  "D:/HLS_prj/03_project/04_axi_array/hls/axi_array/solution1/.autopilot/db/axi_interfaces.pragma.2.c"    -fno-math-errno -c -emit-llvm -O0  -mllvm -disable-llvm-optzns -std=gnu89  -DAESL_SYN -D__SYNTHESIS__ -D__HLS_SYN__ -I "C:/Xilinx/Vivado/2019.1/common/technology/autopilot" -I "C:/Xilinx/Vivado/2019.1/common/technology/autopilot/ap_sysc" -include etc/autopilot_ssdm_op.h -D__DSP48E1__ -g -o "D:/HLS_prj/03_project/04_axi_array/hls/axi_array/solution1/.autopilot/db/axi_interfaces.bc" 
INFO-FLOW: exec C:/Xilinx/Vivado/2019.1/win64/tools/clang/bin/clang -fno-limit-debug-info -gcc-toolchain C:/Xilinx/Vivado/2019.1/msys -hls -hls-analyze-label -hls-analyze-pragma -fno-exceptions -D__llvm__ -w D:/HLS_prj/03_project/04_axi_array/hls/axi_array/solution1/.autopilot/db/axi_interfaces.pragma.2.c -fno-math-errno -c -emit-llvm -O0 -mllvm -disable-llvm-optzns -std=gnu89 -DAESL_SYN -D__SYNTHESIS__ -D__HLS_SYN__ -I C:/Xilinx/Vivado/2019.1/common/technology/autopilot -I C:/Xilinx/Vivado/2019.1/common/technology/autopilot/ap_sysc -include etc/autopilot_ssdm_op.h -D__DSP48E1__ -g -o D:/HLS_prj/03_project/04_axi_array/hls/axi_array/solution1/.autopilot/db/axi_interfaces.bc
Command       clang done; 1.164 sec.
INFO-FLOW: Linking Debug ...
Execute       llvm-ld D:/HLS_prj/03_project/04_axi_array/hls/axi_array/solution1/.autopilot/db/axi_interfaces.g.bc -hls-opt -except-internalize axi_interfaces -LC:/Xilinx/Vivado/2019.1/win64/lib -lhlsm -lhlsmc++ -o D:/HLS_prj/03_project/04_axi_array/hls/axi_array/solution1/.autopilot/db/a.g 
Command       llvm-ld done; 1.063 sec.
INFO: [HLS 200-111] Finished Linking Time (s): cpu = 00:00:01 ; elapsed = 00:00:07 . Memory (MB): peak = 177.957 ; gain = 86.309
INFO: [HLS 200-111] Finished Checking Pragmas Time (s): cpu = 00:00:01 ; elapsed = 00:00:07 . Memory (MB): peak = 177.957 ; gain = 86.309
Execute       get_config_sdx -target 
Execute       opt_and_import_c a -opt_level=2 -skip_syncheck=0 -ng=0 -keep_printf=0 
Execute         cleanup_all_models 
INFO: [HLS 200-10] Starting code transformations ...
Execute         transform -promote-dbg-pointer D:/HLS_prj/03_project/04_axi_array/hls/axi_array/solution1/.autopilot/db/a.pp.bc -o D:/HLS_prj/03_project/04_axi_array/hls/axi_array/solution1/.autopilot/db/a.pp.0.bc -f 
Execute         llvm-ld D:/HLS_prj/03_project/04_axi_array/hls/axi_array/solution1/.autopilot/db/a.pp.0.bc -disable-opt -LC:/Xilinx/Vivado/2019.1/win64/lib -lfloatconversion -o D:/HLS_prj/03_project/04_axi_array/hls/axi_array/solution1/.autopilot/db/a.g.0 
Command         llvm-ld done; 0.571 sec.
INFO-FLOW: Running Standard Transforms...
Execute         transform -hls -share-std-xform -demangle-name -inline-byval-memcpy -always-inline -promote-dbg-pointer -interface-preproc -mem2reg -scalarrepl -mem2reg -keep-read-access -instcombine -dce -promote-dbg-pointer -bitop-raise -loop-simplify -indvarspre -indvars -loop-simplify -xunroll -constprop -instcombine -simplifycfg -indvars -simplifycfg -dce -globaldce -basicaa -simplifycfg -mem2reg -globalopt -global-constprop -deadargelim -instcombine -simplifycfg -prune-eh -simplifycfg -scalarrepl -instcombine -reassociate -licm -simplifycfg -loop-simplify -indvars -instcombine -simplifycfg -mem2reg -loop-simplify -indvars -instcombine -gvn -gvn -instcombine -adce -break-crit-edges -simplifycfg -loop-delete -global-array-opt -dce -dse -adce -find-syn-modules -top axi_interfaces -deadargelim -mem2reg -instcombine -dce -presyn-prepare -auto-rom-infer -interface-preproc -syn-check -check-rec-only -find-region -simplifycfg -func-extr -function-inline -globaldce -mem2reg -instcombine -dce -gvn -globaldce -adce -adse -constprop -instcombine -bit-constprop -instcombine -dce -simplifycfg -bitop-raise -simplifycfg -dce -loop-delete -reassociate -globalopt -global-privatize -mem2reg -dce -global-constprop -pointer-simplify -constprop -dce -func-inst -deadargelim -auto-shift-reg-idiom -promote-dbg-pointer -norm-name D:/HLS_prj/03_project/04_axi_array/hls/axi_array/solution1/.autopilot/db/a.g.0.bc -o D:/HLS_prj/03_project/04_axi_array/hls/axi_array/solution1/.autopilot/db/a.g.1.bc -f -phase std-opt 
INFO: [HLS 200-111] Finished Standard Transforms Time (s): cpu = 00:00:01 ; elapsed = 00:00:08 . Memory (MB): peak = 177.957 ; gain = 86.309
INFO: [HLS 200-10] Checking synthesizability ...
INFO-FLOW: Checking Synthesizability 1/2..
Execute         transform -hls -syn-check -check-rec-only -disaggr -scalarrepl -norm-name -dce -mem2reg -instcombine -function-uniquify -directive-preproc -mem2reg -dse -dce -auto-rom-infer -dce -pag -array-normalize -instcombine -dce -warn-fifo-pointer -array-seg-normalize -instcombine -dce -array-flatten -instcombine -dce -array-burst -dce -deadargelim -promote-global-argument -simplifycfg -mem2reg -globaldce -dce -deadargelim -dce -instcombine -function-inline -globaldce -dce -doublePtrSimplify -doublePtrElim -dce -doublePtrSimplify -promote-dbg-pointer -dce -scalarrepl -dse -adse -instcombine -ptrLegalization -simplifycfg -dce -instcombine -pointer-simplify -ptrArgReplace -dce -instcombine -resolve-double-ptr -disaggr -scalarrepl -norm-name -dce -mem2reg -instcombine -ptrLegalization -simplifycfg -deadargelim -instcombine -dce -inst-simplify -function-uniquify -directive-preproc -mem2reg -dse -dce -globaldce -check-dspbuiltin D:/HLS_prj/03_project/04_axi_array/hls/axi_array/solution1/.autopilot/db/a.g.1.bc -o D:/HLS_prj/03_project/04_axi_array/hls/axi_array/solution1/.autopilot/db/a.g.2.prechk.bc -f 
INFO-FLOW: Checking Synthesizability 2/2..
Execute         transform -syn-check D:/HLS_prj/03_project/04_axi_array/hls/axi_array/solution1/.autopilot/db/a.g.2.prechk.bc -o D:/HLS_prj/03_project/04_axi_array/hls/axi_array/solution1/.autopilot/db/a.g.2.bc -f -phase syn-check 
INFO: [HLS 200-111] Finished Checking Synthesizability Time (s): cpu = 00:00:01 ; elapsed = 00:00:08 . Memory (MB): peak = 177.957 ; gain = 86.309
INFO-FLOW: Compiler optimizing ...
INFO-FLOW: Share syncheck's 1.bc for syn flow: copy D:/HLS_prj/03_project/04_axi_array/hls/axi_array/solution1/.autopilot/db/a.g.1.bc to D:/HLS_prj/03_project/04_axi_array/hls/axi_array/solution1/.autopilot/db/a.o.1.bc
INFO-FLOW: Presyn 1...
Execute         transform -hls -tmp D:/HLS_prj/03_project/04_axi_array/hls/axi_array/solution1/.autopilot/db -interface-port-rename -type-info -function-uniquify -directive-preproc -mem2reg -dse -dce -disaggr -scalarrepl -norm-name -deadargelim -mem2reg -instcombine -dce -simplifycfg -auto-rom-infer -dce -function-uniquify -resource-proc -clib-intrinsic-prepare -dce -func-buffer -dce -pag -array-normalize -func-legal -instcombine -gvn -constprop -dce -simplifycfg -mem2reg -globaldce -resolve-double-ptr -dce -deadargelim -dce -instcombine -ptrArgReplace -mem2reg -dce -array-seg-normalize -deadargelim -instcombine -dce -pointer-simplify -dce -port-alignment -dce -interface-preproc -data-pack -instcombine -dce -basicaa -aggr-aa -aggrmodref-aa -aggr-aa -gvn -gvn -basicaa -aggr-aa -aggrmodref-aa -aggr-aa -dse -adse -adce -loop-simplify -indvars -instcombine -gvn -loop-simplify -mem2reg -dce -find-region -instcombine -auto-loop-pipeline -inst-simplify -interface-preproc -cfgopt -instcombine -indvars -auto-loop-unroll -loop-simplify -loop-bound -xunroll -constprop -instcombine -simplifycfg -indvars -simplifycfg -dce -globaldce -clean-region -attach-range -gvn -inst-simplify -constprop -simplifycfg -dce -pointer-simplify -dce -globalopt -constprop -dce -array-promote -constprop -dce -ptrArgReplace -mem2reg -simplifycfg -dce -auto-par -instcombine -dce -array-transform-check -array-reshape -instcombine -simplifycfg -dce -ptrArgReplace -deadargelim -mem2reg -instcombine -simplifycfg -dce -indvars -loop-simplify -loop-bound -xunroll -constprop -instcombine -simplifycfg -indvars -simplifycfg -dce -globaldce -basicaa -aggr-aa -aggrmodref-aa -aggr-aa -dse -duplicate-dataflow-processes -globaldce -instcombine -array-partition -instcombine -simplifycfg -dce -ptrArgReplace -global-constprop -deadargelim -mem2reg -func-legal -dce -global-constprop -deadargelim -mem2reg -simplifycfg -dce -merge-param -deadargelim -globalopt -constprop -dce -array-promote -constprop -dce -ptrArgReplace -mem2reg -simplifycfg -dce -mem-intrinsic-preproc -dce -global-internalize -global-privatize -mem2reg -globaldce -promote-global-argument -ptrArgReplace -mem2reg -dce -globalopt -mergereturn -simplify-global-access -mem2reg -dce -pointer-simplify -dce -functionattrs -basicaa -aggr-aa -aggrmodref-aa -aggr-aa -gvn -gvn -basicaa -aggr-aa -aggrmodref-aa -aggr-aa -dse -adse -adce -dce -norm-name -function-inline -complex-op-raise -inst-simplify -globaldce -func-inst -constprop -instcombine -simplifycfg -dce -func-legal -dce -loop-bound -arraycheck -bitwidthmin -on-by-dataflow -loop-delete -instcombine -simplifycfg -globaldce -dce -gvn -deadargelim -dce -loop-simplify -clean-region -simplifycfg -propagate-stable-arguments -loop-stream -instcombine -simplifycfg -dce -globaldce -duplicate-dataflow-processes -stream-intrinsic-preproc -dce -check-ap-stream -loop-simplify -eliminate-keepreads -extract-dataflow-in-loop -loop-simplify -dce -gvn -deadargelim -dse -check-dataflow-syntax -legalize-stream-variable -legalize-global -extract-subproc -dce -dead-channel-elimination -canonicalize-gep -globaldce -dce -gvn -deadargelim -annotate-dataflow-channels -scalar-propagation -deadargelim -globaldce -mem2reg -check-dataflow-channels -function-stream -dce -globaldce -prop-fifo-spec -internal-stream-gen -canonicalize-gep -globaldce -dce -gvn -deadargelim -mergereturn -indvars -loop-simplify -instcombine -array-stream -array-seg-normalize -array-partition -func-legal -instcombine -simplifycfg -dce -bundle-memfifo-ops -deadargelim -function-uniquify -directive-preproc -mem2reg -dse -dce -group-axi-access -licm -simplifycfg -dce -loop-delete -norm-name D:/HLS_prj/03_project/04_axi_array/hls/axi_array/solution1/.autopilot/db/a.o.1.bc -o D:/HLS_prj/03_project/04_axi_array/hls/axi_array/solution1/.autopilot/db/a.o.1.tmp.bc -f 
INFO-FLOW: Presyn 2...
Execute         transform -hls -keep-callgraph -scalarrepl -mem2reg -port-alignment -attach-range -dce -pipe-mux-gen -indvars -loop-bound -inst-simplify -instcombine -dce -merge-array-access -mem2reg -dce -clean-region -mergereturn -if-conv -instcombine -dce -constprop -basicaa -aggr-aa -aggrmodref-aa -aggr-aa -gvn -gvn -basicaa -aggr-aa -aggrmodref-aa -aggr-aa -dse -adse -adce -scalarrepl -mem2reg -global-constprop -deadargelim -deadargelim -instcombine -dce -simplifycfg -ptrArgReplace -mem2reg -function-inline -globaldce -mem2reg -instcombine -dce -expr-balance -instcombine -dce -bitwidthmin -interface-preproc -directive-preproc -inst-rectify -instcombine -dce -functionattrs -constprop -instcombine -bit-constprop -simplify-global-access -globalopt -globaldce -inst-simplify -instcombine -elimdeaddata -dce -loop-delete -simplifycfg -loop-simplify -auto-burst -norm-name D:/HLS_prj/03_project/04_axi_array/hls/axi_array/solution1/.autopilot/db/a.o.1.tmp.bc -o D:/HLS_prj/03_project/04_axi_array/hls/axi_array/solution1/.autopilot/db/a.o.2.bc -f -phase presyn 
INFO: [HLS 200-111] Finished Pre-synthesis Time (s): cpu = 00:00:01 ; elapsed = 00:00:08 . Memory (MB): peak = 177.957 ; gain = 86.309
INFO-FLOW: Building ssdm...
Execute         transform -hls -function-uniquify -auto-function-inline -globaldce -ptrArgReplace -mem2reg -dce -reset-lda -loop-simplify -indvars -licm -loop-dep -loop-bound -licm -loop-simplify -flattenloopnest -array-flatten -gvn -instcombine -dce -array-map -dce -func-legal -gvn -adce -instcombine -cfgopt -simplifycfg -loop-simplify -array-burst -promote-global-argument -dce -ptrLegalization -axi4-lower -array-seg-normalize -basicaa -aggrmodref-aa -globalsmodref-aa -aggr-aa -gvn -gvn -basicaa -aggrmodref-aa -globalsmodref-aa -aggr-aa -dse -adse -adce -licm -inst-simplify -dce -globaldce -instcombine -array-stream -eliminate-keepreads -instcombine -dce -deadargelim -doublePtrSimplify -doublePtrElim -dce -doublePtrSimplify -promote-dbg-pointer -dce -scalarrepl -mem2reg -disaggr -norm-name -mem2reg -instcombine -dse -adse -adce -ptrLegalization -dce -auto-rom-infer -array-flatten -dce -instcombine -check-doubleptr -loop-rot -constprop -cfgopt -simplifycfg -loop-simplify -indvars -pointer-simplify -dce -loop-bound -loop-simplify -loop-preproc -constprop -global-constprop -gvn -mem2reg -instcombine -dce -loop-bound -loop-merge -dce -bitwidthmin -deadargelim -dce -canonicalize-dataflow -dce -scalar-propagation -deadargelim -globaldce -mem2reg -read-loop-dep -interface-preproc -directive-preproc -interface-gen -bram-byte-enable -deadargelim -inst-simplify -dce -gvn -mem2reg -instcombine -dce -adse -loop-bound -instcombine -cfgopt -simplifycfg -loop-simplify -clean-region -io-protocol -find-region -mem2reg -bitop-raise -complex-op-raise -inst-simplify -inst-rectify -instcombine -adce -deadargelim -loop-simplify -phi-opt -bitop-raise -cfgopt -simplifycfg -strip-dead-prototypes -interface-lower -bitop-lower -intrinsic-lower -auto-function-inline -basicaa -aggrmodref-aa -globalsmodref-aa -aggr-aa -inst-simplify -simplifycfg -loop-simplify -mergereturn -inst-simplify -inst-rectify -dce -load-elim -bitop-lower -loop-rewind -pointer-simplify -dce -cfgopt -dce -loop-bound -loop-dep -read-loop-dep -dce -check-stream -norm-name -legalize -validate-dataflow -inst-clarity -bitwidth -dump-loop-dep-to-ir -check-all-ssdm -cdfg-build D:/HLS_prj/03_project/04_axi_array/hls/axi_array/solution1/.autopilot/db/a.o.2.bc -o D:/HLS_prj/03_project/04_axi_array/hls/axi_array/solution1/.autopilot/db/a.o.3.bc -f -phase build-ssdm 
INFO: [HLS 200-111] Finished Architecture Synthesis Time (s): cpu = 00:00:01 ; elapsed = 00:00:08 . Memory (MB): peak = 177.957 ; gain = 86.309
INFO-FLOW: Finish building internal data model.
Command       opt_and_import_c done; 0.79 sec.
Command     elaborate done; 5.989 sec.
Execute     autosyn -from_csynth_design=1 
INFO: [HLS 200-10] Starting hardware synthesis ...
INFO-FLOW: Synthesizing C/C++ design ...
INFO: [HLS 200-10] Synthesizing 'axi_interfaces' ...
Execute       ap_set_top_model axi_interfaces 
Execute       get_model_list axi_interfaces -filter all-wo-channel -topdown 
Execute       preproc_iomode -model axi_interfaces 
Execute       get_model_list axi_interfaces -filter all-wo-channel 
INFO-FLOW: Model list for configure: axi_interfaces
INFO-FLOW: Configuring Module : axi_interfaces ...
Execute       set_default_model axi_interfaces 
Execute       apply_spec_resource_limit axi_interfaces 
INFO-FLOW: Model list for preprocess: axi_interfaces
INFO-FLOW: Preprocessing Module: axi_interfaces ...
Execute       set_default_model axi_interfaces 
Execute       cdfg_preprocess -model axi_interfaces 
Execute       rtl_gen_preprocess axi_interfaces 
INFO-FLOW: Model list for synthesis: axi_interfaces
INFO: [HLS 200-10] ----------------------------------------------------------------
INFO: [HLS 200-42] -- Implementing module 'axi_interfaces' 
INFO: [HLS 200-10] ----------------------------------------------------------------
Execute       set_default_model axi_interfaces 
Execute       schedule -model axi_interfaces 
INFO: [SCHED 204-11] Starting scheduling ...
INFO: [SCHED 204-11] Finished scheduling.
INFO: [HLS 200-111]  Elapsed time: 8.257 seconds; current allocated memory: 95.058 MB.
Execute       syn_report -verbosereport -o D:/HLS_prj/03_project/04_axi_array/hls/axi_array/solution1/.autopilot/db/axi_interfaces.verbose.sched.rpt 
INFO: [HLS 200-434] Only 0 loops out of a total 2 loops have been pipelined in this design.
Execute       db_write -o D:/HLS_prj/03_project/04_axi_array/hls/axi_array/solution1/.autopilot/db/axi_interfaces.sched.adb -f 
INFO-FLOW: Finish scheduling axi_interfaces.
Execute       set_default_model axi_interfaces 
Execute       bind -model axi_interfaces 
BIND OPTION: model=axi_interfaces
INFO: [BIND 205-100] Starting micro-architecture generation ...
INFO: [BIND 205-101] Performing variable lifetime analysis.
INFO: [BIND 205-101] Exploring resource sharing.
INFO: [BIND 205-101] Binding ...
INFO: [BIND 205-100] Finished micro-architecture generation.
INFO: [HLS 200-111]  Elapsed time: 0.098 seconds; current allocated memory: 95.309 MB.
Execute       syn_report -verbosereport -o D:/HLS_prj/03_project/04_axi_array/hls/axi_array/solution1/.autopilot/db/axi_interfaces.verbose.bind.rpt 
Execute       db_write -o D:/HLS_prj/03_project/04_axi_array/hls/axi_array/solution1/.autopilot/db/axi_interfaces.bind.adb -f 
INFO-FLOW: Finish binding axi_interfaces.
Execute       get_model_list axi_interfaces -filter all-wo-channel 
INFO-FLOW: Preprocessing for RTLGen ...
Execute       rtl_gen_preprocess axi_interfaces 
INFO-FLOW: Model list for RTL generation: axi_interfaces
INFO: [HLS 200-10] ----------------------------------------------------------------
INFO: [HLS 200-10] -- Generating RTL for module 'axi_interfaces' 
INFO: [HLS 200-10] ----------------------------------------------------------------
Execute       get_config_rtl -module_prefix 
Execute       get_config_rtl -module_auto_prefix 
Execute       create_rtl_model axi_interfaces -vendor xilinx -mg_file D:/HLS_prj/03_project/04_axi_array/hls/axi_array/solution1/.autopilot/db/axi_interfaces.compgen.tcl 
INFO: [RTGEN 206-500] Setting interface mode on port 'axi_interfaces/d_o' to 'ap_memory'.
INFO: [RTGEN 206-500] Setting interface mode on port 'axi_interfaces/d_i' to 'ap_memory'.
INFO: [RTGEN 206-500] Setting interface mode on function 'axi_interfaces' to 'ap_ctrl_hs'.
INFO: [RTGEN 206-100] Finished creating RTL model for 'axi_interfaces'.
INFO: [HLS 200-111]  Elapsed time: 0.11 seconds; current allocated memory: 95.545 MB.
Execute       source D:/HLS_prj/03_project/04_axi_array/hls/axi_array/solution1/.autopilot/db/axi_interfaces.rtl_wrap.cfg.tcl 
Execute       gen_rtl axi_interfaces -istop -style xilinx -tracefl mytrace -tracefmt vcd -traceopt all -f -lang sc -o D:/HLS_prj/03_project/04_axi_array/hls/axi_array/solution1/syn/systemc/axi_interfaces -synmodules axi_interfaces 
Execute       gen_rtl axi_interfaces -istop -style xilinx -f -lang vhdl -o D:/HLS_prj/03_project/04_axi_array/hls/axi_array/solution1/syn/vhdl/axi_interfaces 
Execute       gen_rtl axi_interfaces -istop -style xilinx -f -lang vlog -o D:/HLS_prj/03_project/04_axi_array/hls/axi_array/solution1/syn/verilog/axi_interfaces 
Execute       syn_report -csynth -model axi_interfaces -o D:/HLS_prj/03_project/04_axi_array/hls/axi_array/solution1/syn/report/axi_interfaces_csynth.rpt 
Execute       syn_report -rtlxml -model axi_interfaces -o D:/HLS_prj/03_project/04_axi_array/hls/axi_array/solution1/syn/report/axi_interfaces_csynth.xml 
Execute       syn_report -verbosereport -model axi_interfaces -o D:/HLS_prj/03_project/04_axi_array/hls/axi_array/solution1/.autopilot/db/axi_interfaces.verbose.rpt 
Execute       db_write -model axi_interfaces -f -o D:/HLS_prj/03_project/04_axi_array/hls/axi_array/solution1/.autopilot/db/axi_interfaces.adb 
Execute       gen_tb_info axi_interfaces -p D:/HLS_prj/03_project/04_axi_array/hls/axi_array/solution1/.autopilot/db -o D:/HLS_prj/03_project/04_axi_array/hls/axi_array/solution1/.autopilot/db/axi_interfaces 
Execute       export_constraint_db -f -tool general -o D:/HLS_prj/03_project/04_axi_array/hls/axi_array/solution1/.autopilot/db/axi_interfaces.constraint.tcl 
Execute       syn_report -designview -model axi_interfaces -o D:/HLS_prj/03_project/04_axi_array/hls/axi_array/solution1/.autopilot/db/axi_interfaces.design.xml 
Execute       get_config_rtl -disable_wave_debug 
Execute       syn_report -wcfg -model axi_interfaces -o D:/HLS_prj/03_project/04_axi_array/hls/axi_array/solution1/.autopilot/db/axi_interfaces_dataflow_ana.wcfg 
Execute       syn_report -protoinst -model axi_interfaces -o D:/HLS_prj/03_project/04_axi_array/hls/axi_array/solution1/.autopilot/db/axi_interfaces.protoinst 
Execute       get_config_debug -directory 
Execute       sc_get_clocks axi_interfaces 
Execute       get_config_export -vivado_clock 
Execute       sc_get_portdomain axi_interfaces 
INFO-FLOW: Model list for RTL component generation: axi_interfaces
INFO-FLOW: Handling components in module [axi_interfaces] ... 
Execute       source D:/HLS_prj/03_project/04_axi_array/hls/axi_array/solution1/.autopilot/db/axi_interfaces.compgen.tcl 
INFO-FLOW: Found component axi_interfaces_acc.
INFO-FLOW: Append model axi_interfaces_acc
INFO-FLOW: Append model axi_interfaces
INFO-FLOW: Generating RTL model list ...
INFO-FLOW: All models in this session: axi_interfaces_acc axi_interfaces
INFO-FLOW: To file: write model axi_interfaces_acc
INFO-FLOW: To file: write model axi_interfaces
INFO-FLOW: Finished generating RTL model list.


INFO-FLOW: RTL Generation done.
INFO-FLOW: CAS Generation done.
INFO-FLOW: CBC Generation done.
INFO-FLOW: DBG:CMD: auto_generate_csynth_design
INFO-FLOW: DBG:CMD:     auto_generate --sim-model -phase csynth_design -d D:/HLS_prj/03_project/04_axi_array/hls/axi_array/solution1
Execute       source D:/HLS_prj/03_project/04_axi_array/hls/axi_array/solution1/.autopilot/db/global.setting.tcl 
INFO-FLOW: DBG:CMD: read_platform_lib D:/HLS_prj/03_project/04_axi_array/hls/axi_array/solution1/.autopilot/db/global.setting.tcl
Execute       source C:/Xilinx/Vivado/2019.1/common/technology/generic/autopilot/common.gen 
Execute         source C:/Xilinx/Vivado/2019.1/common/technology/generic/autopilot/APCoreGen.gen 
Execute       source C:/Xilinx/Vivado/2019.1/common/technology/generic/autopilot/op.gen 
Execute       source C:/Xilinx/Vivado/2019.1/common/technology/generic/autopilot/op_simcore.gen 
Execute       source C:/Xilinx/Vivado/2019.1/common/technology/generic/autopilot/interface.gen 
Execute       source D:/HLS_prj/03_project/04_axi_array/hls/axi_array/solution1/.autopilot/db/global.setting.tcl 
Execute       source C:/Xilinx/Vivado/2019.1/common/technology/xilinx/zynq/zynq.gen 
Execute         source C:/Xilinx/Vivado/2019.1/common/technology/xilinx/common/xilinx.gen 
Execute           source C:/Xilinx/Vivado/2019.1/common/technology/xilinx/interface/plb46.gen 
Execute           source C:/Xilinx/Vivado/2019.1/common/technology/xilinx/interface/fsl.gen 
Execute           source C:/Xilinx/Vivado/2019.1/common/technology/xilinx/interface/axi4.gen 
Execute           source C:/Xilinx/Vivado/2019.1/common/technology/xilinx/interface/nativeAXI4.gen 
Execute             source C:/Xilinx/Vivado/2019.1/common/technology/xilinx/interface/saxilite.gen 
Execute             source C:/Xilinx/Vivado/2019.1/common/technology/xilinx/interface/maxi.gen 
Execute           source C:/Xilinx/Vivado/2019.1/common/technology/xilinx/scripts/xilinxcoregen.gen 
Execute           source C:/Xilinx/Vivado/2019.1/common/technology/xilinx/interface/XilEDKCoreGen.gen 
Execute           source C:/Xilinx/Vivado/2019.1/common/technology/xilinx/ip/dds_compiler.gen 
Execute           source C:/Xilinx/Vivado/2019.1/common/technology/xilinx/ip/util.gen 
Execute           source C:/Xilinx/Vivado/2019.1/common/technology/xilinx/ip/xfft.gen 
Execute           source C:/Xilinx/Vivado/2019.1/common/technology/xilinx/ip/xfir.gen 
Execute           source C:/Xilinx/Vivado/2019.1/common/technology/xilinx/common/dsp48.gen 
Command         ap_source done; 0.12 sec.
Command       ap_source done; 0.12 sec.
Execute       source C:/Xilinx/Vivado/2019.1/common/technology/xilinx/zynq/zynq_fpv6.gen 
Execute         source C:/Xilinx/Vivado/2019.1/common/technology/xilinx/common/xilinx_fp.gen 
INFO-FLOW: DBG:CMD:   using AESL_AUTOCG::g_clock_period=10.000 (was NA)
INFO-FLOW: DBG:CMD:       generate_ip_cores sim=1 export=0 expOnly=0 dstVlogDir=syn/verilog
Execute       source D:/HLS_prj/03_project/04_axi_array/hls/axi_array/solution1/.autopilot/db/global.setting.tcl 
Execute       ap_part_info -name xc7z020-clg400-2 -data names -quiet 
Execute       ap_part_info -name xc7z020-clg400-2 -data info -quiet 
Execute       source D:/HLS_prj/03_project/04_axi_array/hls/axi_array/solution1/.autopilot/db/global.setting.tcl 
Execute       source D:/HLS_prj/03_project/04_axi_array/hls/axi_array/solution1/.autopilot/db/global.setting.tcl 
Execute       source D:/HLS_prj/03_project/04_axi_array/hls/axi_array/solution1/.autopilot/db/axi_interfaces.compgen.tcl 
INFO: [RTMG 210-278] Implementing memory 'axi_interfaces_acc_ram (RAM)' using distributed RAMs with power-on initialization.
Execute         ap_part_info -name xc7z020-clg400-2 -data names -quiet 
Execute         ap_part_info -name xc7z020-clg400-2 -data info -quiet 
INFO-FLOW: DBG:CMD:     auto_generate -export -impltomg_flag -rtl both -tool Vivado -pcore_version 1.00.a -phase csynth_design -d D:/HLS_prj/03_project/04_axi_array/hls/axi_array/solution1
Execute       source D:/HLS_prj/03_project/04_axi_array/hls/axi_array/solution1/.autopilot/db/global.setting.tcl 
INFO-FLOW: DBG:CMD: read_platform_lib D:/HLS_prj/03_project/04_axi_array/hls/axi_array/solution1/.autopilot/db/global.setting.tcl
Execute       source C:/Xilinx/Vivado/2019.1/common/technology/generic/autopilot/common.gen 
Execute         source C:/Xilinx/Vivado/2019.1/common/technology/generic/autopilot/APCoreGen.gen 
Execute       source C:/Xilinx/Vivado/2019.1/common/technology/generic/autopilot/op.gen 
Execute       source C:/Xilinx/Vivado/2019.1/common/technology/generic/autopilot/op_simcore.gen 
Execute       source C:/Xilinx/Vivado/2019.1/common/technology/generic/autopilot/interface.gen 
Execute       source D:/HLS_prj/03_project/04_axi_array/hls/axi_array/solution1/.autopilot/db/global.setting.tcl 
Execute       source C:/Xilinx/Vivado/2019.1/common/technology/xilinx/zynq/zynq.gen 
Execute         source C:/Xilinx/Vivado/2019.1/common/technology/xilinx/common/xilinx.gen 
Execute           source C:/Xilinx/Vivado/2019.1/common/technology/xilinx/interface/plb46.gen 
Execute           source C:/Xilinx/Vivado/2019.1/common/technology/xilinx/interface/fsl.gen 
Execute           source C:/Xilinx/Vivado/2019.1/common/technology/xilinx/interface/axi4.gen 
Execute           source C:/Xilinx/Vivado/2019.1/common/technology/xilinx/interface/nativeAXI4.gen 
Execute             source C:/Xilinx/Vivado/2019.1/common/technology/xilinx/interface/saxilite.gen 
Execute             source C:/Xilinx/Vivado/2019.1/common/technology/xilinx/interface/maxi.gen 
Execute           source C:/Xilinx/Vivado/2019.1/common/technology/xilinx/scripts/xilinxcoregen.gen 
Execute           source C:/Xilinx/Vivado/2019.1/common/technology/xilinx/interface/XilEDKCoreGen.gen 
Execute           source C:/Xilinx/Vivado/2019.1/common/technology/xilinx/ip/dds_compiler.gen 
Execute           source C:/Xilinx/Vivado/2019.1/common/technology/xilinx/ip/util.gen 
Execute           source C:/Xilinx/Vivado/2019.1/common/technology/xilinx/ip/xfft.gen 
Execute           source C:/Xilinx/Vivado/2019.1/common/technology/xilinx/ip/xfir.gen 
Execute           source C:/Xilinx/Vivado/2019.1/common/technology/xilinx/common/dsp48.gen 
Command         ap_source done; 0.12 sec.
Command       ap_source done; 0.121 sec.
Execute       source C:/Xilinx/Vivado/2019.1/common/technology/xilinx/zynq/zynq_fpv6.gen 
Execute         source C:/Xilinx/Vivado/2019.1/common/technology/xilinx/common/xilinx_fp.gen 
INFO-FLOW: DBG:CMD:       initCTypeInfo top_module=axi_interfaces xml_exists=0
Execute       source D:/HLS_prj/03_project/04_axi_array/hls/axi_array/solution1/.autopilot/db/axi_interfaces.rtl_wrap.cfg.tcl 
Execute       source D:/HLS_prj/03_project/04_axi_array/hls/axi_array/solution1/.autopilot/db/axi_interfaces.rtl_wrap.cfg.tcl 
Execute       source D:/HLS_prj/03_project/04_axi_array/hls/axi_array/solution1/.autopilot/db/axi_interfaces.rtl_wrap.cfg.tcl 
Execute       source D:/HLS_prj/03_project/04_axi_array/hls/axi_array/solution1/.autopilot/db/axi_interfaces.tbgen.tcl 
Execute       source D:/HLS_prj/03_project/04_axi_array/hls/axi_array/solution1/.autopilot/db/axi_interfaces.tbgen.tcl 
INFO-FLOW: DBG:CMD:       export_impl_rtl
INFO-FLOW: DBG:CMD:       generate_ip_cores sim=0 export=0 expOnly=0 dstVlogDir=impl/.verilog
Execute       source D:/HLS_prj/03_project/04_axi_array/hls/axi_array/solution1/.autopilot/db/global.setting.tcl 
Execute       source D:/HLS_prj/03_project/04_axi_array/hls/axi_array/solution1/.autopilot/db/axi_interfaces.compgen.tcl 
INFO-FLOW: DBG:CMD:       generate_ip_cores sim=0 export=1 expOnly=1 dstVlogDir=impl/.pcores/verilog
Execute       source D:/HLS_prj/03_project/04_axi_array/hls/axi_array/solution1/.autopilot/db/global.setting.tcl 
Execute       source D:/HLS_prj/03_project/04_axi_array/hls/axi_array/solution1/.autopilot/db/axi_interfaces.compgen.tcl 
Execute         ap_part_info -name xc7z020-clg400-2 -data names -quiet 
Execute         ap_part_info -name xc7z020-clg400-2 -data info -quiet 
Execute         ap_part_info -name xc7z020-clg400-2 -data names -quiet 
Execute         ap_part_info -name xc7z020-clg400-2 -data info -quiet 
Execute         source D:/HLS_prj/03_project/04_axi_array/hls/axi_array/solution1/.autopilot/db/axi_interfaces.tbgen.tcl 
Execute         source D:/HLS_prj/03_project/04_axi_array/hls/axi_array/solution1/.autopilot/db/axi_interfaces.tbgen.tcl 
Execute         ap_part_info -name xc7z020-clg400-2 -data names -quiet 
Execute         ap_part_info -name xc7z020-clg400-2 -data info -quiet 
Execute         ap_part_info -name xc7z020-clg400-2 -data names -quiet 
Execute         ap_part_info -name xc7z020-clg400-2 -data info -quiet 
Execute         ap_part_info -name xc7z020-clg400-2 -data names -quiet 
Execute         ap_part_info -name xc7z020-clg400-2 -data info -quiet 
Execute         ap_part_info -name xc7z020-clg400-2 -data names -quiet 
Execute         ap_part_info -name xc7z020-clg400-2 -data info -quiet 
Execute         ap_part_info -name xc7z020-clg400-2 -data names -quiet 
Execute         ap_part_info -name xc7z020-clg400-2 -data info -quiet 
Execute       ap_part_info -name xc7z020-clg400-2 -data names -quiet 
Execute       ap_part_info -name xc7z020-clg400-2 -data info -quiet 
INFO-FLOW: DBG:CMD:       generate_ip_cores sim=0 export=0 expOnly=0 dstVlogDir=impl/.pcores/verilog_sim
Execute       source D:/HLS_prj/03_project/04_axi_array/hls/axi_array/solution1/.autopilot/db/global.setting.tcl 
Execute       source D:/HLS_prj/03_project/04_axi_array/hls/axi_array/solution1/.autopilot/db/axi_interfaces.compgen.tcl 
Execute       ap_part_info -name xc7z020-clg400-2 -data names -quiet 
Execute       ap_part_info -name xc7z020-clg400-2 -data info -quiet 
Execute       ap_part_info -name xc7z020-clg400-2 -data names -quiet 
Execute       ap_part_info -name xc7z020-clg400-2 -data info -quiet 
Execute       source D:/HLS_prj/03_project/04_axi_array/hls/axi_array/solution1/.autopilot/db/global.setting.tcl 
Execute       ap_part_info -name xc7z020-clg400-2 -data names -quiet 
Execute       ap_part_info -name xc7z020-clg400-2 -data info -quiet 
Execute       source D:/HLS_prj/03_project/04_axi_array/hls/axi_array/solution1/.autopilot/db/axi_interfaces.constraint.tcl 
Execute       source D:/HLS_prj/03_project/04_axi_array/hls/axi_array/solution1/.autopilot/db/axi_interfaces.tbgen.tcl 
INFO-FLOW: DBG:CMD:       hasPcoreIpAdapter=false #gSsdmPorts=6
INFO-FLOW: DBG:CMD: Skipping loadAnalyze_DB, #g_database=2
INFO-FLOW: DBG:CMD:       generate_json is_phase_csynth=1 g_has_adaptors=false generate_bd_files=0 #modelList=2 #gSsdmPorts=6
Execute       source C:/Xilinx/Vivado/2019.1/tps/tcl/tcllib1.11.1/fileutil/fileutil.tcl 
Execute       source D:/HLS_prj/03_project/04_axi_array/hls/axi_array/solution1/.autopilot/db/global.setting.tcl 
Execute       source D:/HLS_prj/03_project/04_axi_array/hls/axi_array/solution1/.autopilot/db/global.setting.tcl 
Execute       get_config_export -xo 
Execute       source D:/HLS_prj/03_project/04_axi_array/hls/axi_array/solution1/.autopilot/db/axi_interfaces.tbgen.tcl 
Execute       source D:/HLS_prj/03_project/04_axi_array/hls/axi_array/solution1/.autopilot/db/axi_interfaces.tbgen.tcl 
Execute       source D:/HLS_prj/03_project/04_axi_array/hls/axi_array/solution1/.autopilot/db/axi_interfaces.tbgen.tcl 
Execute       source D:/HLS_prj/03_project/04_axi_array/hls/axi_array/solution1/.autopilot/db/global.setting.tcl 
Execute       get_config_sdx -target 
Execute       source D:/HLS_prj/03_project/04_axi_array/hls/axi_array/solution1/.autopilot/db/axi_interfaces.rtl_wrap.cfg.tcl 
Execute       source D:/HLS_prj/03_project/04_axi_array/hls/axi_array/solution1/.autopilot/db/axi_interfaces.compgen.dataonly.tcl 
Execute       source D:/HLS_prj/03_project/04_axi_array/hls/axi_array/solution1/.autopilot/db/global.setting.tcl 
Execute       ap_part_info -name xc7z020-clg400-2 -data names -quiet 
Execute       ap_part_info -name xc7z020-clg400-2 -data info -quiet 
Execute       source D:/HLS_prj/03_project/04_axi_array/hls/axi_array/solution1/.autopilot/db/axi_interfaces.constraint.tcl 
Execute       sc_get_clocks axi_interfaces 
Execute       ap_part_info -name xc7z020-clg400-2 -data names -quiet 
Execute       ap_part_info -name xc7z020-clg400-2 -data info -quiet 
Execute       source D:/HLS_prj/03_project/04_axi_array/hls/axi_array/solution1/.autopilot/db/global.setting.tcl 
Execute       get_config_debug -directory 
Execute       source D:/HLS_prj/03_project/04_axi_array/hls/axi_array/solution1/.autopilot/db/axi_interfaces.tbgen.tcl 
Execute       get_config_sdx -target 
Execute       get_config_sdx -profile 
Execute       get_config_rtl -kernel_profile 
Execute       get_config_rtl -stall_sig_gen 
Execute       get_config_rtl -profile 
INFO-FLOW: DBG:CMD: add_json_sdx_info kernel file does not exist, skipping opencl info: D:/HLS_prj/03_project/04_axi_array/hls/axi_array/solution1/.autopilot/db/kernel.internal.xml
INFO-FLOW: DBG:CMD:       delete-temp-dirs (skipped for debug)
INFO: [HLS 200-111] Finished generating all RTL models Time (s): cpu = 00:00:01 ; elapsed = 00:00:10 . Memory (MB): peak = 177.957 ; gain = 86.309
INFO: [VHDL 208-304] Generating VHDL RTL for axi_interfaces.
INFO: [VLOG 209-307] Generating Verilog RTL for axi_interfaces.
Command     autosyn done; 1.411 sec.
Command   csynth_design done; 7.412 sec.
Command ap_source done; 8.759 sec.
Execute cleanup_all 
